[03:18:49] [main/INFO]: Loading Minecraft 1.21.10 with Fabric Loader 0.17.3
[03:18:50] [ForkJoinPool-1-worker-3/WARN]: Mod moredelight uses the version 25.07.28a-1.21.7-fabric which isn't compatible with Loader's extended semantic version format (Could not parse version number component '28a'!), SemVer is recommended for reliably evaluating dependencies and prioritizing newer version
[03:18:50] [main/INFO]: Loading 147 mods:
	- appleskin 3.0.7+mc1.21.9
	- architectury 18.0.6
	- balm 21.10.8
	   \-- kuma_api 21.10.5
	- bending 3.14.0
	   |-- adventure-platform-fabric 6.7.0
	   |    |-- net_kyori_adventure-api 4.25.0
	   |    |-- net_kyori_adventure-key 4.25.0
	   |    |-- net_kyori_adventure-platform-api 4.4.1
	   |    |-- net_kyori_adventure-platform-mod-shared-fabric-repack 6.7.0
	   |    |-- net_kyori_adventure-text-logger-slf4j 4.25.0
	   |    |-- net_kyori_adventure-text-minimessage 4.25.0
	   |    |-- net_kyori_adventure-text-serializer-ansi 4.25.0
	   |    |-- net_kyori_adventure-text-serializer-gson 4.25.0
	   |    |-- net_kyori_adventure-text-serializer-json 4.25.0
	   |    |-- net_kyori_adventure-text-serializer-plain 4.25.0
	   |    |-- net_kyori_ansi 1.1.1
	   |    |-- net_kyori_examination-api 1.3.0
	   |    |-- net_kyori_examination-string 1.3.0
	   |    \-- net_kyori_option 1.1.0
	   |-- cloud 2.0.0-beta.13
	   |    |-- io_leangen_geantyref_geantyref 1.3.15
	   |    |-- org_incendo_cloud-brigadier 2.0.0-beta.11
	   |    |-- org_incendo_cloud-core 2.0.0
	   |    |-- org_incendo_cloud-minecraft-modded-common-fabric-repack 2.0.0-beta.13
	   |    \-- org_incendo_cloud-services 2.0.0
	   |-- fabric-permissions-api-v0 0.5.0
	   |-- org_incendo_cloud-minecraft-extras 2.0.0-beta.12
	   |-- org_spongepowered_configurate-core 4.2.0
	   |-- org_spongepowered_configurate-gson 4.2.0
	   |-- org_spongepowered_configurate-hocon 4.2.0
	   \-- sgui 1.11.0+1.21.9
	- betterenchanting 1.21.10-1.5.0
	   \-- midnightlib 1.8.3
	- chisel 2.2.0+mc1.21.10
	- cloth-config 20.0.149
	   \-- cloth-basic-math 0.6.1
	- comforts 13.0.1+1.21.10
	   |-- cardinal-components-base 7.2.0
	   |-- cardinal-components-entity 7.2.0
	   \-- spectrelib 0.19.1+1.21.10
	        |-- com_electronwill_night-config_core 3.8.3
	        \-- com_electronwill_night-config_toml 3.8.3
	- cookingforblockheads 21.10.2
	- cryonicconfig 1.0.0+mc1.21.10
	- explorerscompass 1.21.10-2.2.7-fabric
	- fabric-api 0.138.3+1.21.10
	   |-- fabric-api-base 1.0.0+14b92d896f
	   |-- fabric-api-lookup-api-v1 1.6.106+d17682156f
	   |-- fabric-biome-api-v1 16.1.0+c2417d4f6f
	   |-- fabric-block-api-v1 1.1.5+d17682156f
	   |-- fabric-block-view-api-v2 1.0.34+e4fd1b926f
	   |-- fabric-command-api-v2 2.4.0+c0ab2d5d6f
	   |-- fabric-content-registries-v0 10.2.6+b6a242646f
	   |-- fabric-convention-tags-v1 2.1.49+7f945d5b6f
	   |-- fabric-convention-tags-v2 2.17.0+ff7bc77d6f
	   |-- fabric-crash-report-info-v1 0.3.18+33df5e6e6f
	   |-- fabric-data-attachment-api-v1 1.8.33+cd3b9e596f
	   |-- fabric-data-generation-api-v1 23.2.27+d8b85ef16f
	   |-- fabric-dimensions-v1 4.0.22+38b9cc196f
	   |-- fabric-entity-events-v1 2.1.13+fde3702c6f
	   |-- fabric-events-interaction-v0 4.0.36+5ba217126f
	   |-- fabric-game-rule-api-v1 1.1.1+e47eaae56f
	   |-- fabric-item-api-v1 11.5.11+9bce411b6f
	   |-- fabric-item-group-api-v1 4.2.27+86b3ae576f
	   |-- fabric-key-binding-api-v1 1.1.1+b3ba9c486f
	   |-- fabric-lifecycle-events-v1 2.6.9+33df5e6e6f
	   |-- fabric-loot-api-v2 3.0.67+3f89f5a56f
	   |-- fabric-loot-api-v3 2.0.14+d17682156f
	   |-- fabric-message-api-v1 6.1.7+3154c1c86f
	   |-- fabric-model-loading-api-v1 6.0.4+3ffd6ef06f
	   |-- fabric-networking-api-v1 5.1.0+b095d8db6f
	   |-- fabric-object-builder-api-v1 21.1.28+9bce411b6f
	   |-- fabric-particles-v1 4.2.3+a0ee59a46f
	   |-- fabric-recipe-api-v1 8.2.0+39709ef06f
	   |-- fabric-registry-sync-v0 6.1.42+679c8c5c6f
	   |-- fabric-renderer-api-v1 7.2.2+3706cdf36f
	   |-- fabric-renderer-indigo 4.1.3+d7df91576f
	   |-- fabric-rendering-fluids-v1 3.1.38+86b3ae576f
	   |-- fabric-rendering-v1 16.2.0+bee81f016f
	   |-- fabric-resource-conditions-api-v1 5.0.28+33df5e6e6f
	   |-- fabric-resource-loader-v0 3.3.1+d4d4122a6f
	   |-- fabric-resource-loader-v1 1.0.4+14959b836f
	   |-- fabric-screen-api-v1 3.1.0+9c82a7986f
	   |-- fabric-screen-handler-api-v1 1.3.151+d17682156f
	   |-- fabric-serialization-api-v1 1.0.0+d857c9766f
	   |-- fabric-sound-api-v1 1.0.45+328a75ba6f
	   |-- fabric-tag-api-v1 1.2.13+2fa446b26f
	   |-- fabric-transfer-api-v1 6.0.15+79ec2c126f
	   \-- fabric-transitive-access-wideners-v1 6.5.3+41eb43436f
	- fabric-language-kotlin 1.13.7+kotlin.2.2.21
	   |-- org_jetbrains_kotlin_kotlin-reflect 2.2.21
	   |-- org_jetbrains_kotlin_kotlin-stdlib 2.2.21
	   |-- org_jetbrains_kotlin_kotlin-stdlib-jdk7 2.2.21
	   |-- org_jetbrains_kotlin_kotlin-stdlib-jdk8 2.2.21
	   |-- org_jetbrains_kotlinx_atomicfu-jvm 0.29.0
	   |-- org_jetbrains_kotlinx_kotlinx-coroutines-core-jvm 1.10.2
	   |-- org_jetbrains_kotlinx_kotlinx-coroutines-jdk8 1.10.2
	   |-- org_jetbrains_kotlinx_kotlinx-datetime-jvm 0.7.1
	   |-- org_jetbrains_kotlinx_kotlinx-io-bytestring-jvm 0.8.0
	   |-- org_jetbrains_kotlinx_kotlinx-io-core-jvm 0.8.0
	   |-- org_jetbrains_kotlinx_kotlinx-serialization-cbor-jvm 1.9.0
	   |-- org_jetbrains_kotlinx_kotlinx-serialization-core-jvm 1.9.0
	   \-- org_jetbrains_kotlinx_kotlinx-serialization-json-jvm 1.9.0
	- fabricloader 0.17.3
	   \-- mixinextras 0.5.0
	- farmersdelight 1.21.10-3.4.1+refabricated
	   \-- mm 2.3
	- fastleafdecay 36
	- framework 0.13.2
	   |-- org_javassist_javassist 3.29.2-GA
	   \-- org_reflections_reflections 0.10.2
	- java 21
	- jei 26.1.0.16
	- kleeslabs 21.10.1
	- lithium 0.20.0+mc1.21.10
	- luckperms 5.5.20
	   \-- fabric-permissions-api-v0 0.5.0
	- minecraft 1.21.10
	- moredelight 25.07.28a-1.21.7-fabric
	- mr_neoenchant 5.12.2
	- naturescompass 1.21.10-2.2.9-fabric
	- polymer-bundled 0.14.3+1.21.10
	   |-- polymer-autohost 0.14.3+1.21.10
	   |-- polymer-blocks 0.14.3+1.21.10
	   |-- polymer-common 0.14.3+1.21.10
	   |    \-- packet_tweaker 0.6.0+1.21.10
	   |-- polymer-core 0.14.3+1.21.10
	   |    |-- polymer-networking 0.14.3+1.21.10
	   |    |    \-- polymer-common 0.14.3+1.21.10
	   |    |         \-- packet_tweaker 0.6.0+1.21.10
	   |    \-- polymer-registry-sync-manipulator 0.14.3+1.21.10
	   |-- polymer-resource-pack 0.14.3+1.21.10
	   |    \-- polymer-common 0.14.3+1.21.10
	   |         \-- packet_tweaker 0.6.0+1.21.10
	   |-- polymer-resource-pack-extras 0.14.3+1.21.10
	   |-- polymer-sound-patcher 0.14.3+1.21.10
	   \-- polymer-virtual-entity 0.14.3+1.21.10
	        \-- polymer-common 0.14.3+1.21.10
	             \-- packet_tweaker 0.6.0+1.21.10
	- refurbished_furniture 1.0.20
	- universal_shops 1.12.0+1.21.9
	   |-- common-economy-api 1.1.1
	   |-- common-protection-api 1.0.0
	   |-- placeholder-api 2.8.0+1.21.9
	   |-- server_translations_api 2.5.2+1.21.9-pre3
	   \-- sgui 1.11.0+1.21.9
	- voicechat 1.21.10-2.6.6
	   |-- fabric-key-binding-api-v1 1.1.1+b3ba9c4868
	   |-- fabric-rendering-v1 16.0.1+328a75ba68
	   \-- voicechat_api 2.6.0
	- waystones 21.10.3
	- xaeromaps_waystones 1.0.6
	- xaerominimap 25.2.15
	- xaeroworldmap 1.39.17
	- yet_another_config_lib_v3 3.8.0+1.21.9-fabric
	   |-- com_twelvemonkeys_common_common-image 3.12.0
	   |-- com_twelvemonkeys_common_common-io 3.12.0
	   |-- com_twelvemonkeys_common_common-lang 3.12.0
	   |-- com_twelvemonkeys_imageio_imageio-core 3.12.0
	   |-- com_twelvemonkeys_imageio_imageio-metadata 3.12.0
	   |-- com_twelvemonkeys_imageio_imageio-webp 3.12.0
	   |-- org_quiltmc_parsers_gson 0.2.1
	   \-- org_quiltmc_parsers_json 0.2.1
[03:18:50] [main/INFO]: SpongePowered MIXIN Subsystem Version=0.8.7 Source=file:/home/bruggles/btrfcccobmc_server/libraries/net/fabricmc/sponge-mixin/0.16.5+mixin.0.8.7/sponge-mixin-0.16.5+mixin.0.8.7.jar Service=Knot/Fabric Env=SERVER
[03:18:50] [main/INFO]: Compatibility level set to JAVA_21
[03:18:50] [main/WARN]: Reference map 'comforts.refmap.json' for comforts.mixins.json could not be read. If this is a development environment you can ignore this message
[03:18:50] [main/WARN]: Reference map 'kleeslabs.refmap.json' for kleeslabs.mixins.json could not be read. If this is a development environment you can ignore this message
[03:18:50] [main/WARN]: Reference map 'kleeslabs.refmap.json' for kleeslabs.fabric.mixins.json could not be read. If this is a development environment you can ignore this message
[03:18:50] [main/INFO]: Loaded configuration file for Lithium: 163 options available, 0 override(s) found.
[03:18:50] [main/WARN]: Reference map 'yet_another_config_lib_v3.refmap.json' for yacl.mixins.json could not be read. If this is a development environment you can ignore this message
[03:18:50] [main/WARN]: Reference map 'yet_another_config_lib_v3.refmap.json' for yacl-fabric.mixins.json could not be read. If this is a development environment you can ignore this message
[03:18:51] [main/WARN]: Error loading class: net/minecraft/class_9934 (java.lang.ClassNotFoundException: net/minecraft/class_9934)
[03:18:51] [main/WARN]: @Mixin target net.minecraft.class_9934 was not found farmersdelight.mixins.json:refabricated.GhostSlotsInvoker from mod farmersdelight
[03:18:51] [main/INFO]: Initializing MixinExtras via com.llamalad7.mixinextras.service.MixinExtrasServiceImpl(version=0.5.0).
[03:19:02] [main/INFO]: Registering conditions for : BetterEnchanting
[03:19:02] [main/INFO]: Registering mod iems for : BetterEnchanting
[03:19:02] [main/INFO]: Registering mod screen handlers for : BetterEnchanting
[03:19:02] [main/INFO]: Registering mod enchantment tags for : BetterEnchanting
[03:19:02] [main/INFO]: Creating enchantement ingredient map for mod : BetterEnchanting
[03:19:02] [main/INFO]: Generating item tags for mod : BetterEnchanting
[03:19:02] [main/INFO]: Registering loot tables for BetterEnchanting
[03:19:02] [main/INFO]: Modifying loot tables for : BetterEnchanting
[03:19:02] [main/INFO]: Loaded config farmersdelight-common.json
[03:19:03] [main/INFO]: [STDOUT]: [FLD] Config loaded: delay 4–12 ticks
[03:19:03] [main/INFO]: Reflections took 298 ms to scan 2 urls, producing 12 keys and 157 values
[03:19:03] [main/INFO]: Registered synced data key refurbished_furniture:lock_yaw for refurbished_furniture:seat
[03:19:04] [main/INFO]: Definitely not up to no good
[03:19:04] [main/INFO]: [voicechat] Compatibility version 20
[03:19:04] [main/INFO]: [voicechat] Loading plugins
[03:19:04] [main/INFO]: [voicechat] Loaded 0 plugin(s)
[03:19:04] [main/INFO]: [voicechat] Initializing plugins
[03:19:04] [main/INFO]: [voicechat] Initialized 0 plugin(s)
[03:19:05] [main/INFO]: Deserializing Config from './config/xaeromaps_waystones.json5'
[03:19:05] [main/INFO]: Loading configuration...
[03:19:05] [main/INFO]: Loading Xaero's Minimap - Stage 1/2 (Server)
[03:19:05] [main/INFO]: Loading Xaero's World Map - Stage 1/2 (Server)
[03:19:05] [main/INFO]: Environment: Environment[sessionHost=https://sessionserver.mojang.com, servicesHost=https://api.minecraftservices.com, profilesHost=https://api.mojang.com, name=PROD]
[03:19:08] [main/INFO]: Loaded 2922 recipes
[03:19:08] [main/INFO]: Loaded 3004 advancements
[03:19:08] [ForkJoinPool.commonPool-worker-1/INFO]: Loaded 63 translation keys
[03:19:09] [main/INFO]: Applied 147 biome modifications to 64 of 65 new biomes in 10.12 ms
[03:19:09] [Server thread/INFO]: Loading server configs...
[03:19:09] [Server thread/INFO]:         __    
[03:19:09] [Server thread/INFO]:   |    |__)   LuckPerms v5.5.20
[03:19:09] [Server thread/INFO]:   |___ |      Running on Fabric - fabric@0.138.3+1.21.10
[03:19:09] [Server thread/INFO]: 
[03:19:09] [Server thread/INFO]: Loading storage provider... [H2]
[03:19:09] [Server thread/INFO]: Loading internal permission managers...
[03:19:09] [Server thread/INFO]: Performing initial data load...
[03:19:09] [Server thread/INFO]: Successfully enabled. (took 424ms)
[03:19:09] [Server thread/INFO]: Starting minecraft server version 1.21.10
[03:19:09] [Server thread/INFO]: Loading properties
[03:19:09] [Server thread/INFO]: Default game type: SURVIVAL
[03:19:09] [Server thread/INFO]: Generating keypair
[03:19:09] [Server thread/INFO]: Starting Minecraft server on *:25565
[03:19:09] [Server thread/INFO]: Using epoll channel type
[03:19:09] [Server thread/INFO]: Preparing level "world"
[03:19:11] [Server thread/INFO]: Loading 0 persistent chunks...
[03:19:11] [Server thread/INFO]: Preparing spawn area: 100%
[03:19:11] [Server thread/INFO]: Time elapsed: 17 ms
[03:19:11] [Server thread/INFO]: Done (1.464s)! For help, type "help"
[03:19:11] [User Authenticator #1/INFO]: UUID of player geckonavajo is f4f5b600-52de-4748-9b3f-5d22ffa896e4
[03:19:12] [Server thread/INFO]: bending-hikari - Starting...
[03:19:12] [Server thread/INFO]: bending-hikari - Added connection conn0: url=jdbc:h2:/home/bruggles/btrfcccobmc_server/./config/bending/data/h2/bending user=BENDING
[03:19:12] [Server thread/INFO]: bending-hikari - Start completed.
[03:19:14] [/INFO]: Registered translations: [en]
[03:19:14] [Server thread/INFO]: Database: jdbc:h2:/home/bruggles/btrfcccobmc_server/./config/bending/data/h2/bending (H2 2.4)
[03:19:14] [Server thread/WARN]: Using H2 2.4.240 which is newer than the version Flyway has been verified with. The latest verified version of H2 is 2.3.232.
[03:19:14] [Server thread/INFO]: Successfully validated 4 migrations (execution time 00:00.021s)
[03:19:14] [Server thread/INFO]: Current version of schema "PUBLIC": 4
[03:19:14] [Server thread/INFO]: Schema "PUBLIC" is up to date. No migration necessary.
[03:19:14] [Server thread/INFO]: Found 68 registered abilities (9 Sequences)
[03:19:14] [Server thread/INFO]: Found 228 registered collisions
[03:19:14] [Server thread/INFO]: Registered protection plugins: []
[03:19:14] [VoiceChatServerThread/INFO]: [voicechat] Voice chat server started at port 24454
[03:19:14] [Server thread/WARN]: Can't keep up! Is the server overloaded? Running 3425ms or 68 ticks behind
[03:19:14] [Server thread/INFO]: Loading Xaero's Minimap - Stage 2/2 (Server)
[03:19:14] [Server thread/INFO]: Loading Xaero's World Map - Stage 2/2 (Server)
[03:19:17] [Server thread/INFO]: geckonavajo[/68.234.155.248:56789] logged in with entity id 58 at (-635.9148155405155, 64.0, 398.45780118397266)
[03:19:17] [Server thread/INFO]: [voicechat] Using Fabric Permissions API
[03:19:17] [Server thread/INFO]: geckonavajo joined the game
[03:19:17] [Server thread/INFO]: [voicechat] Received secret request of geckonavajo (20)
[03:19:17] [Server thread/INFO]: [voicechat] Sent secret to geckonavajo
[03:19:18] [VoiceChatPacketProcessingThread/INFO]: [voicechat] Successfully authenticated player f4f5b600-52de-4748-9b3f-5d22ffa896e4
[03:19:19] [VoiceChatPacketProcessingThread/INFO]: [voicechat] Successfully validated connection of player f4f5b600-52de-4748-9b3f-5d22ffa896e4
[03:19:19] [VoiceChatPacketProcessingThread/INFO]: [voicechat] Player geckonavajo (f4f5b600-52de-4748-9b3f-5d22ffa896e4) successfully connected to voice chat
[03:19:26] [Server thread/INFO]: There are 1 of a max of 64 players online: geckonavajo
[03:20:08] [User Authenticator #2/INFO]: UUID of player Laxidaze3 is 718fd999-d407-428c-bd79-690386a1caad
[03:20:11] [Server thread/INFO]: Laxidaze3[/70.173.193.208:49803] logged in with entity id 633 at (181.69999998807907, 70.0, 352.3597703179529)
[03:20:11] [Server thread/INFO]: Laxidaze3 joined the game
[03:20:11] [Server thread/INFO]: [voicechat] Received secret request of Laxidaze3 (20)
[03:20:11] [Server thread/INFO]: [voicechat] Sent secret to Laxidaze3
[03:20:15] [VoiceChatPacketProcessingThread/INFO]: [voicechat] Successfully authenticated player 718fd999-d407-428c-bd79-690386a1caad
[03:20:16] [VoiceChatPacketProcessingThread/INFO]: [voicechat] Successfully validated connection of player 718fd999-d407-428c-bd79-690386a1caad
[03:20:16] [VoiceChatPacketProcessingThread/INFO]: [voicechat] Player Laxidaze3 (718fd999-d407-428c-bd79-690386a1caad) successfully connected to voice chat
[03:20:32] [Server thread/INFO]: <Laxidaze3> im in VC coal
[03:21:24] [User Authenticator #3/INFO]: UUID of player UniqueAndClever is 07e37ea1-a741-4700-980b-631d86b9966a
[03:21:25] [Server thread/INFO]: UniqueAndClever[/99.33.195.107:49747] logged in with entity id 1125 at (-638.325100243831, 64.0, 397.421958389643)
[03:21:25] [Server thread/INFO]: UniqueAndClever joined the game
[03:21:25] [Server thread/INFO]: [voicechat] Received secret request of UniqueAndClever (20)
[03:21:25] [Server thread/INFO]: [voicechat] Sent secret to UniqueAndClever
[03:21:27] [VoiceChatPacketProcessingThread/INFO]: [voicechat] Successfully authenticated player 07e37ea1-a741-4700-980b-631d86b9966a
[03:21:28] [VoiceChatPacketProcessingThread/INFO]: [voicechat] Successfully validated connection of player 07e37ea1-a741-4700-980b-631d86b9966a
[03:21:28] [VoiceChatPacketProcessingThread/INFO]: [voicechat] Player UniqueAndClever (07e37ea1-a741-4700-980b-631d86b9966a) successfully connected to voice chat
[03:29:40] [User Authenticator #4/INFO]: UUID of player Omnilax is bcbba3ce-966c-4a95-ad81-6f39c9638494
[03:29:42] [Server thread/INFO]: Omnilax[/73.124.223.163:52855] logged in with entity id 5027 at (-768.3016610419971, 68.0, 313.1507945130571)
[03:29:42] [Server thread/INFO]: Omnilax joined the game
[03:29:42] [Server thread/INFO]: [voicechat] Received secret request of Omnilax (20)
[03:29:42] [Server thread/INFO]: [voicechat] Sent secret to Omnilax
[03:29:43] [VoiceChatPacketProcessingThread/INFO]: [voicechat] Successfully authenticated player bcbba3ce-966c-4a95-ad81-6f39c9638494
[03:29:44] [VoiceChatPacketProcessingThread/INFO]: [voicechat] Successfully validated connection of player bcbba3ce-966c-4a95-ad81-6f39c9638494
[03:29:44] [VoiceChatPacketProcessingThread/INFO]: [voicechat] Player Omnilax (bcbba3ce-966c-4a95-ad81-6f39c9638494) successfully connected to voice chat
[03:30:06] [Server thread/INFO]: <Omnilax> hiii
[03:30:31] [Server thread/INFO]: <UniqueAndClever> o/
[03:30:35] [Server thread/INFO]: <UniqueAndClever> vc?
[03:34:43] [Server thread/INFO]: <Omnilax> i think i could vc soon
[03:35:46] [Server thread/INFO]: UniqueAndClever was slain by Slime
[03:37:42] [Server thread/WARN]: Can't keep up! Is the server overloaded? Running 2010ms or 40 ticks behind
[03:43:09] [Server thread/INFO]: Omnilax has made the advancement [Sweet Dreams]
[03:44:57] [Server thread/INFO]: geckonavajo lost connection: Disconnected
[03:44:57] [Server thread/INFO]: geckonavajo left the game
[03:44:57] [Server thread/INFO]: [voicechat] Disconnecting client geckonavajo
[04:00:54] [Server thread/INFO]: <Omnilax> what is everyone working on?
[04:01:11] [Server thread/INFO]: <Laxidaze3> I'm working on a build at "spawn"
[04:03:30] [Server thread/INFO]: UniqueAndClever tried to swim in lava
[04:04:55] [Server thread/INFO]: UniqueAndClever tried to swim in lava
[04:07:28] [Server thread/INFO]: <Omnilax> the ghast are scary
[04:09:21] [Server thread/INFO]: <Laxidaze3> victoria, do you want to run our pokemon match after Carson/Jared finish theirs
[04:09:35] [Server thread/INFO]: <UniqueAndClever> oh fuck, oh shit
[04:11:03] [Server thread/INFO]: <Laxidaze3> so is that a yes?
[04:11:17] [Server thread/INFO]: <UniqueAndClever> yeah sure
[04:11:19] [Server thread/INFO]: UniqueAndClever lost connection: Disconnected
[04:11:19] [Server thread/INFO]: UniqueAndClever left the game
[04:11:19] [Server thread/INFO]: [voicechat] Disconnecting client UniqueAndClever
[04:11:20] [Server thread/INFO]: <Laxidaze3> awesome
[04:11:26] [Server thread/INFO]: Laxidaze3 lost connection: Disconnected
[04:11:26] [Server thread/INFO]: Laxidaze3 left the game
[04:11:26] [Server thread/INFO]: [voicechat] Disconnecting client Laxidaze3
[04:11:31] [User Authenticator #5/INFO]: UUID of player UniqueAndClever is 07e37ea1-a741-4700-980b-631d86b9966a
[04:11:33] [Server thread/INFO]: UniqueAndClever[/99.33.195.107:56427] logged in with entity id 28676 at (-18.69999998807907, 30.0, 19.1287925973878)
[04:11:33] [Server thread/INFO]: UniqueAndClever joined the game
[04:11:33] [Server thread/INFO]: [voicechat] Received secret request of UniqueAndClever (20)
[04:11:33] [Server thread/INFO]: [voicechat] Sent secret to UniqueAndClever
[04:11:36] [VoiceChatPacketProcessingThread/INFO]: [voicechat] Successfully authenticated player 07e37ea1-a741-4700-980b-631d86b9966a
[04:11:37] [VoiceChatPacketProcessingThread/INFO]: [voicechat] Successfully validated connection of player 07e37ea1-a741-4700-980b-631d86b9966a
[04:11:37] [VoiceChatPacketProcessingThread/INFO]: [voicechat] Player UniqueAndClever (07e37ea1-a741-4700-980b-631d86b9966a) successfully connected to voice chat
[04:12:36] [Server thread/INFO]: UniqueAndClever lost connection: Disconnected
[04:12:36] [Server thread/INFO]: UniqueAndClever left the game
[04:12:36] [Server thread/INFO]: [voicechat] Disconnecting client UniqueAndClever
[04:13:43] [User Authenticator #6/INFO]: UUID of player astrophantom is 0a95b1e8-40d4-46bc-826c-6c91f2b40c50
[04:13:44] [Server thread/INFO]: astrophantom (0a95b1e8-40d4-46bc-826c-6c91f2b40c50) lost connection: This server requires Fabric Loader and Fabric API installed on your client!
The following registry entry namespaces may be related:

balm
betterenchanting
chisel
comforts
And 9 more...

Contact the server's administrator for more information!
[04:13:44] [Server thread/WARN]: handleDisconnection() called twice
[04:15:59] [User Authenticator #7/INFO]: UUID of player astrophantom is 0a95b1e8-40d4-46bc-826c-6c91f2b40c50
[04:16:02] [Server thread/INFO]: astrophantom[/75.40.167.159:61785] logged in with entity id 29789 at (-908.4435678278229, 116.0, 1191.6813899701535)
[04:16:02] [Server thread/INFO]: astrophantom joined the game
[04:16:03] [Server thread/INFO]: [voicechat] Received secret request of astrophantom (20)
[04:16:03] [Server thread/INFO]: [voicechat] Sent secret to astrophantom
[04:16:07] [VoiceChatPacketProcessingThread/INFO]: [voicechat] Successfully authenticated player 0a95b1e8-40d4-46bc-826c-6c91f2b40c50
[04:16:08] [VoiceChatPacketProcessingThread/INFO]: [voicechat] Successfully validated connection of player 0a95b1e8-40d4-46bc-826c-6c91f2b40c50
[04:16:08] [VoiceChatPacketProcessingThread/INFO]: [voicechat] Player astrophantom (0a95b1e8-40d4-46bc-826c-6c91f2b40c50) successfully connected to voice chat
[04:20:01] [Server thread/INFO]: astrophantom has made the advancement [Sweet Dreams]
[04:28:37] [Server thread/INFO]: astrophantom has made the advancement [What a Deal!]
[04:30:11] [Server thread/INFO]: astrophantom has made the advancement [Crops of the Wild]
[04:30:53] [Server thread/INFO]: Omnilax was blown up by Creeper
[04:31:51] [Server thread/INFO]: CzarsonTzarcia (/75.40.167.175:57919) lost connection: Disconnected
[04:32:44] [Server thread/INFO]: Omnilax has made the advancement [Bonfire Lit]
[04:33:12] [Server thread/INFO]: UniqueAndClever (/99.33.195.107:60122) lost connection: Disconnected
[04:33:17] [User Authenticator #8/INFO]: UUID of player UniqueAndClever is 07e37ea1-a741-4700-980b-631d86b9966a
[04:33:19] [Server thread/INFO]: UniqueAndClever[/99.33.195.107:60126] logged in with entity id 36720 at (-647.5, 64.0, 381.5)
[04:33:19] [Server thread/INFO]: UniqueAndClever joined the game
[04:33:19] [Server thread/INFO]: [voicechat] Received secret request of UniqueAndClever (20)
[04:33:19] [Server thread/INFO]: [voicechat] Sent secret to UniqueAndClever
[04:33:22] [Server thread/INFO]: <astrophantom> heyyy
[04:33:22] [VoiceChatPacketProcessingThread/INFO]: [voicechat] Successfully authenticated player 07e37ea1-a741-4700-980b-631d86b9966a
[04:33:24] [VoiceChatPacketProcessingThread/INFO]: [voicechat] Successfully validated connection of player 07e37ea1-a741-4700-980b-631d86b9966a
[04:33:24] [VoiceChatPacketProcessingThread/INFO]: [voicechat] Player UniqueAndClever (07e37ea1-a741-4700-980b-631d86b9966a) successfully connected to voice chat
[04:33:30] [Server thread/INFO]: <astrophantom> mice on venus is playing rn its my fav mc song
[04:33:33] [Server thread/INFO]: <UniqueAndClever> heyyyyyy
[04:35:03] [Server thread/INFO]: <astrophantom> hey join my group
[04:38:32] [Server thread/INFO]: Omnilax was shot by Skeleton
[04:41:57] [User Authenticator #9/INFO]: UUID of player CzarsonTzarcia is 7856f6e3-6521-4a6a-9222-1176c49eea16
[04:42:01] [Server thread/INFO]: CzarsonTzarcia[/75.40.167.175:52127] logged in with entity id 40484 at (-652.5, 68.0, 383.5)
[04:42:01] [Server thread/INFO]: CzarsonTzarcia joined the game
[04:42:01] [Server thread/INFO]: [voicechat] Received secret request of CzarsonTzarcia (20)
[04:42:01] [Server thread/INFO]: [voicechat] Sent secret to CzarsonTzarcia
[04:42:03] [Server thread/INFO]: <astrophantom> zzzzzzzzzzzzzzzzzzzz
[04:42:03] [VoiceChatPacketProcessingThread/INFO]: [voicechat] Successfully authenticated player 7856f6e3-6521-4a6a-9222-1176c49eea16
[04:42:04] [VoiceChatPacketProcessingThread/INFO]: [voicechat] Successfully validated connection of player 7856f6e3-6521-4a6a-9222-1176c49eea16
[04:42:04] [VoiceChatPacketProcessingThread/INFO]: [voicechat] Player CzarsonTzarcia (7856f6e3-6521-4a6a-9222-1176c49eea16) successfully connected to voice chat
[04:45:51] [Server thread/INFO]: astrophantom has made the advancement [Enchanter]
[04:46:01] [Server thread/INFO]: UniqueAndClever has made the advancement [Hot Stuff]
[04:46:04] [Server thread/INFO]: UniqueAndClever tried to swim in lava
[04:46:56] [Server thread/INFO]: <Omnilax> does vc in MC work
[04:47:02] [Server thread/INFO]: <UniqueAndClever> yeah
[04:47:06] [Server thread/INFO]: <astrophantom> click v
[04:47:07] [Server thread/INFO]: <Omnilax> can u teach me how
[04:47:13] [Server thread/INFO]: <astrophantom> press v
[04:47:16] [Server thread/INFO]: <astrophantom> then solve a fun riddle
[04:47:19] [Server thread/INFO]: <Omnilax> oo
[04:48:06] [Server thread/INFO]: <astrophantom> press v then solve a fun riddle
[04:48:36] [Server thread/INFO]: <Omnilax> is it a bad word..
[04:48:42] [Server thread/INFO]: <astrophantom> you tell me
[04:50:00] [Server thread/INFO]: <CzarsonTzarcia> is everyone building around the same area generally or are we spread out?
[04:50:10] [Server thread/INFO]: <astrophantom> pretty spread out bc of the warp feature
[04:50:24] [Server thread/INFO]: <CzarsonTzarcia> warp feature?
[04:50:31] [Server thread/INFO]: <UniqueAndClever> but spawn is like shared, do whatever
[04:50:46] [Server thread/INFO]: <UniqueAndClever> oh and theres a mushroom biome near spawn thats also supposed to be for that
[04:51:00] [Server thread/INFO]: <UniqueAndClever> also join in game vc
[04:51:11] [Server thread/INFO]: <CzarsonTzarcia> howg?
[04:51:17] [Server thread/INFO]: <astrophantom> press v and solve a fun riddle
[04:51:20] [Server thread/INFO]: <UniqueAndClever> click v go to group
[04:51:50] [Server thread/INFO]: astrophantom has reached the goal [Plant Food]
[04:52:30] [Server thread/INFO]: [Omnilax: Triggered [Color]]
[04:52:33] [Server thread/INFO]: [Omnilax: Triggered [Color] (set value to -12)]
[04:52:59] [Server thread/INFO]: Villager class_1646['Fletcher'/44938, l='ServerLevel[world]', x=-848.36, y=31.00, z=1076.40] died, message: 'Fletcher was slain by Zombie'
[04:53:01] [Server thread/INFO]: CzarsonTzarcia was slain by UniqueAndClever
[04:53:17] [Server thread/INFO]: <astrophantom> THEYRE HAVING SEX
[04:53:21] [Server thread/INFO]: <astrophantom> THE VILLAGERS ARE HAVING SEX
[04:53:25] [Server thread/INFO]: <Omnilax> ehhh
[04:53:25] [Server thread/INFO]: <astrophantom> TJERE IS A LITTL EVIBALLER
[04:53:30] [Server thread/INFO]: <astrophantom> YESSSSSSSSSSSSSSSSSSSSSSSSSSSSSSSSSSSS
[04:58:28] [User Authenticator #10/INFO]: UUID of player Laxidaze3 is 718fd999-d407-428c-bd79-690386a1caad
[04:58:32] [Server thread/INFO]: Laxidaze3[/70.173.193.208:60147] logged in with entity id 50865 at (183.7402407107665, 71.0, 366.7723681602827)
[04:58:32] [Server thread/INFO]: Laxidaze3 joined the game
[04:58:32] [Server thread/INFO]: [voicechat] Received secret request of Laxidaze3 (20)
[04:58:32] [Server thread/INFO]: [voicechat] Sent secret to Laxidaze3
[04:58:35] [VoiceChatPacketProcessingThread/INFO]: [voicechat] Successfully authenticated player 718fd999-d407-428c-bd79-690386a1caad
[04:58:36] [VoiceChatPacketProcessingThread/INFO]: [voicechat] Successfully validated connection of player 718fd999-d407-428c-bd79-690386a1caad
[04:58:36] [VoiceChatPacketProcessingThread/INFO]: [voicechat] Player Laxidaze3 (718fd999-d407-428c-bd79-690386a1caad) successfully connected to voice chat
[04:59:00] [Server thread/INFO]: <Laxidaze3> pass?
[04:59:06] [Server thread/INFO]: <astrophantom> come on
[04:59:10] [Server thread/INFO]: <astrophantom> you know what it is
[04:59:10] [Server thread/INFO]: <UniqueAndClever> granted
[04:59:22] [Server thread/INFO]: <astrophantom> oh
[04:59:25] [Server thread/INFO]: <astrophantom> i misunderstood
[05:04:54] [Server thread/INFO]: CzarsonTzarcia hit the ground too hard
[05:13:57] [Server thread/INFO]: Omnilax has made the advancement [The End?]
[05:14:50] [Server thread/INFO]: CzarsonTzarcia has made the advancement [Stone Age]
[05:16:44] [Server thread/INFO]: CzarsonTzarcia has made the advancement [Getting an Upgrade]
[05:17:38] [Server thread/INFO]: astrophantom has made the advancement [Cover Me with Diamonds]
[05:18:01] [Server thread/INFO]: astrophantom was slain by Zombie
[05:18:26] [Server thread/INFO]: Omnilax was slain by Zombie
[05:18:45] [User Authenticator #11/INFO]: UUID of player geckonavajo is f4f5b600-52de-4748-9b3f-5d22ffa896e4
[05:18:46] [Server thread/INFO]: geckonavajo[/68.234.155.248:58317] logged in with entity id 66999 at (-632.2750131029196, 64.0, 399.39082847919127)
[05:18:46] [Server thread/INFO]: geckonavajo joined the game
[05:18:47] [Server thread/INFO]: [voicechat] Received secret request of geckonavajo (20)
[05:18:47] [Server thread/INFO]: [voicechat] Sent secret to geckonavajo
[05:18:48] [VoiceChatPacketProcessingThread/INFO]: [voicechat] Successfully authenticated player f4f5b600-52de-4748-9b3f-5d22ffa896e4
[05:18:48] [VoiceChatPacketProcessingThread/INFO]: [voicechat] Successfully validated connection of player f4f5b600-52de-4748-9b3f-5d22ffa896e4
[05:18:48] [VoiceChatPacketProcessingThread/INFO]: [voicechat] Player geckonavajo (f4f5b600-52de-4748-9b3f-5d22ffa896e4) successfully connected to voice chat
[05:19:13] [Server thread/INFO]: astrophantom has made the advancement [We Need to Go Deeper]
[05:20:12] [Server thread/INFO]: CzarsonTzarcia has made the advancement [Ice Bucket Challenge]
[05:20:23] [Server thread/INFO]: <UniqueAndClever> join the vc
[05:20:45] [Server thread/INFO]: geckonavajo lost connection: Disconnected
[05:20:45] [Server thread/INFO]: geckonavajo left the game
[05:20:45] [Server thread/INFO]: [voicechat] Disconnecting client geckonavajo
[05:21:12] [User Authenticator #12/INFO]: UUID of player geckonavajo is f4f5b600-52de-4748-9b3f-5d22ffa896e4
[05:21:14] [Server thread/INFO]: geckonavajo[/68.234.155.248:58393] logged in with entity id 69219 at (-652.6803151357191, 64.0, 386.23601413789123)
[05:21:14] [Server thread/INFO]: geckonavajo joined the game
[05:21:14] [Server thread/INFO]: [voicechat] Received secret request of geckonavajo (20)
[05:21:14] [Server thread/INFO]: [voicechat] Sent secret to geckonavajo
[05:21:15] [VoiceChatPacketProcessingThread/INFO]: [voicechat] Successfully authenticated player f4f5b600-52de-4748-9b3f-5d22ffa896e4
[05:21:16] [VoiceChatPacketProcessingThread/INFO]: [voicechat] Successfully validated connection of player f4f5b600-52de-4748-9b3f-5d22ffa896e4
[05:21:16] [VoiceChatPacketProcessingThread/INFO]: [voicechat] Player geckonavajo (f4f5b600-52de-4748-9b3f-5d22ffa896e4) successfully connected to voice chat
[05:21:51] [Server thread/INFO]: Laxidaze3 tried to swim in lava
[05:22:12] [Server thread/INFO]: astrophantom has made the advancement [A Terrible Fortress]
[05:22:21] [Server thread/INFO]: astrophantom was slain by Wither Skeleton
[05:25:32] [Server thread/INFO]: astrophantom withered away
[05:28:50] [Server thread/INFO]: astrophantom was slain by Zombie
[05:30:30] [Server thread/INFO]: Omnilax was slain by Zombie
[05:37:20] [Server thread/INFO]: <astrophantom> The Amethyst Sings To Me...
[05:42:43] [Server thread/INFO]: astrophantom lost connection: Disconnected
[05:42:43] [Server thread/INFO]: astrophantom left the game
[05:42:43] [Server thread/INFO]: [voicechat] Disconnecting client astrophantom
[05:42:51] [User Authenticator #13/INFO]: UUID of player astrophantom is 0a95b1e8-40d4-46bc-826c-6c91f2b40c50
[05:42:52] [Server thread/INFO]: astrophantom[/75.40.167.159:53061] logged in with entity id 91430 at (-978.6999999880791, -37.0, 1128.2886853914836)
[05:42:52] [Server thread/INFO]: astrophantom joined the game
[05:42:53] [Server thread/INFO]: [voicechat] Received secret request of astrophantom (20)
[05:42:53] [Server thread/INFO]: [voicechat] Sent secret to astrophantom
[05:42:55] [VoiceChatPacketProcessingThread/INFO]: [voicechat] Successfully authenticated player 0a95b1e8-40d4-46bc-826c-6c91f2b40c50
[05:42:55] [VoiceChatPacketProcessingThread/INFO]: [voicechat] Successfully validated connection of player 0a95b1e8-40d4-46bc-826c-6c91f2b40c50
[05:42:55] [VoiceChatPacketProcessingThread/INFO]: [voicechat] Player astrophantom (0a95b1e8-40d4-46bc-826c-6c91f2b40c50) successfully connected to voice chat
[05:44:53] [Server thread/WARN]: UniqueAndClever moved too quickly! -1.8585897195443977,1.3974698811091883,-18.01820976084582
[05:44:55] [Server thread/WARN]: Can't keep up! Is the server overloaded? Running 2055ms or 41 ticks behind
[05:45:11] [VoiceChatPacketProcessingThread/WARN]: [voicechat] Dropping voice chat packets! Your Server might be overloaded!
[05:45:11] [VoiceChatPacketProcessingThread/WARN]: [voicechat] Packet queue has 93 packets
[05:45:11] [Server thread/WARN]: UniqueAndClever moved too quickly! -0.09343171662658278,-1.9431747676036366,-17.656678132856996
[05:45:28] [Server thread/WARN]: UniqueAndClever moved too quickly! -13.831690543693185,-2.3838944485862186,-10.316301464569733
[05:45:39] [Server thread/WARN]: UniqueAndClever moved too quickly! -8.543893697546082,-1.1217287648611034,-15.740143127309238
[05:45:46] [Server thread/WARN]: Can't keep up! Is the server overloaded? Running 2017ms or 40 ticks behind
[05:46:03] [Server thread/WARN]: Can't keep up! Is the server overloaded? Running 2195ms or 43 ticks behind
[05:49:18] [Server thread/INFO]: Laxidaze3 lost connection: Disconnected
[05:49:18] [Server thread/INFO]: Laxidaze3 left the game
[05:49:18] [Server thread/INFO]: [voicechat] Disconnecting client Laxidaze3
[05:55:44] [Server thread/WARN]: astrophantom moved too quickly! 824.3373854619359,9.5,-28.209218350262745
[05:56:07] [Server thread/WARN]: Omnilax moved too quickly! 830.5927029567779,9.5,-31.00823223423356
[05:57:42] [Server thread/INFO]: CzarsonTzarcia was impaled by Drowned
[05:57:56] [Server thread/INFO]: CzarsonTzarcia has made the advancement [Monster Hunter]
[06:02:25] [Server thread/INFO]: UniqueAndClever drowned
[06:09:05] [Server thread/INFO]: Omnilax was blown up by Creeper
[06:09:23] [Server thread/INFO]: geckonavajo starved to death
[06:13:08] [Server thread/INFO]: Villager class_1646['Villager'/114233, l='ServerLevel[world]', x=-935.98, y=70.00, z=1100.31] died, message: 'Villager was slain by Zombie'
[06:13:36] [Server thread/INFO]: Villager class_1646['Villager'/114234, l='ServerLevel[world]', x=-931.90, y=75.00, z=1095.69] died, message: 'Villager was slain by Zombie'
[06:16:45] [Server thread/INFO]: geckonavajo has made the advancement [What a Deal!]
[06:22:30] [Server thread/INFO]: astrophantom has made the advancement [Hot Stuff]
[06:23:00] [Server thread/INFO]: UniqueAndClever was shot by Skeleton
[06:23:44] [Server thread/INFO]: Villager class_1646['Fletcher'/114142, l='ServerLevel[world]', x=-865.70, y=68.00, z=1141.55] died, message: 'Fletcher was slain by Zombie'
[06:26:41] [Server thread/INFO]: Omnilax has made the advancement [Diamonds!]
[06:31:55] [Server thread/INFO]: geckonavajo has made the advancement [Suit Up]
[06:34:49] [Server thread/INFO]: astrophantom was shot by Skeleton
[06:34:56] [Server thread/INFO]: astrophantom lost connection: Disconnected
[06:34:56] [Server thread/INFO]: astrophantom left the game
[06:34:56] [Server thread/INFO]: [voicechat] Disconnecting client astrophantom
[06:35:02] [Server thread/INFO]: Omnilax tried to swim in lava
[06:35:45] [Server thread/INFO]: UniqueAndClever was slain by Zombie
[06:36:06] [Server thread/INFO]: geckonavajo was slain by Zombie
[06:41:08] [Server thread/INFO]: CzarsonTzarcia was shot by Skeleton
[06:43:17] [Server thread/INFO]: geckonavajo has made the advancement [Ol' Betsy]
[06:44:00] [User Authenticator #14/INFO]: UUID of player Laxidaze3 is 718fd999-d407-428c-bd79-690386a1caad
[06:44:04] [Server thread/INFO]: Laxidaze3[/70.173.193.208:58122] logged in with entity id 140886 at (179.85985636963886, 70.5, 350.5354748206675)
[06:44:04] [Server thread/INFO]: Laxidaze3 joined the game
[06:44:05] [Server thread/INFO]: [voicechat] Received secret request of Laxidaze3 (20)
[06:44:05] [Server thread/INFO]: [voicechat] Sent secret to Laxidaze3
[06:44:08] [VoiceChatPacketProcessingThread/INFO]: [voicechat] Successfully authenticated player 718fd999-d407-428c-bd79-690386a1caad
[06:44:09] [VoiceChatPacketProcessingThread/INFO]: [voicechat] Successfully validated connection of player 718fd999-d407-428c-bd79-690386a1caad
[06:44:09] [VoiceChatPacketProcessingThread/INFO]: [voicechat] Player Laxidaze3 (718fd999-d407-428c-bd79-690386a1caad) successfully connected to voice chat
[06:54:25] [Server thread/WARN]: geckonavajo moved too quickly! 0.0,-20.409149714724094,0.0
[06:54:25] [Server thread/INFO]: geckonavajo fell out of the world
[06:55:20] [Server thread/INFO]: Omnilax lost connection: Disconnected
[06:55:20] [Server thread/INFO]: Omnilax left the game
[06:55:20] [Server thread/INFO]: [voicechat] Disconnecting client Omnilax
[06:55:35] [Server thread/INFO]: CzarsonTzarcia has made the advancement [Crops of the Wild]
[06:57:24] [Server thread/INFO]: Laxidaze3 has made the advancement [Hunt and Gather]
[06:57:36] [Server thread/INFO]: geckonavajo was slain by Enderman
[06:58:43] [Server thread/INFO]: geckonavajo has made the advancement [Enchanter]
[07:03:52] [Server thread/INFO]: Laxidaze3 tried to swim in lava
[07:07:01] [Server thread/INFO]: <Laxidaze3> are you building the farm on the nether roof?
[07:07:09] [Server thread/INFO]: <UniqueAndClever> yes
[07:07:13] [Server thread/INFO]: <Laxidaze3> neat
[07:08:29] [Server thread/INFO]: CzarsonTzarcia was slain by Drowned
[07:13:31] [Server thread/INFO]: Laxidaze3 tried to swim in lava
[07:24:16] [Netty Epoll Server IO #2/ERROR]: Error sending packet clientbound/minecraft:disconnect
io.netty.handler.codec.EncoderException: Sending unknown packet 'clientbound/minecraft:disconnect'
	at knot/net.minecraft.class_9136.method_56426(class_9136.java:50) ~[server-intermediary.jar:?]
	at knot/net.minecraft.class_9136.encode(class_9136.java:14) ~[server-intermediary.jar:?]
	at knot/net.minecraft.class_2545.method_10838(class_2545.java:26) ~[server-intermediary.jar:?]
	at knot/net.minecraft.class_2545.encode(class_2545.java:12) ~[server-intermediary.jar:?]
	at knot/io.netty.handler.codec.MessageToByteEncoder.write(MessageToByteEncoder.java:107) ~[netty-codec-4.1.118.Final.jar:?]
	at knot/io.netty.channel.AbstractChannelHandlerContext.invokeWrite0(AbstractChannelHandlerContext.java:893) ~[netty-transport-4.1.118.Final.jar:?]
	at knot/io.netty.channel.AbstractChannelHandlerContext.invokeWrite(AbstractChannelHandlerContext.java:875) ~[netty-transport-4.1.118.Final.jar:?]
	at knot/io.netty.channel.AbstractChannelHandlerContext.write(AbstractChannelHandlerContext.java:984) ~[netty-transport-4.1.118.Final.jar:?]
	at knot/io.netty.channel.AbstractChannelHandlerContext.write(AbstractChannelHandlerContext.java:868) ~[netty-transport-4.1.118.Final.jar:?]
	at knot/io.netty.channel.ChannelOutboundHandlerAdapter.write(ChannelOutboundHandlerAdapter.java:113) ~[netty-transport-4.1.118.Final.jar:?]
	at knot/net.minecraft.class_2535$2.write(class_2535.java:524) ~[server-intermediary.jar:?]
	at knot/io.netty.channel.AbstractChannelHandlerContext.invokeWrite0(AbstractChannelHandlerContext.java:893) ~[netty-transport-4.1.118.Final.jar:?]
	at knot/io.netty.channel.AbstractChannelHandlerContext.invokeWriteAndFlush(AbstractChannelHandlerContext.java:956) ~[netty-transport-4.1.118.Final.jar:?]
	at knot/io.netty.channel.AbstractChannelHandlerContext.write(AbstractChannelHandlerContext.java:982) ~[netty-transport-4.1.118.Final.jar:?]
	at knot/io.netty.channel.AbstractChannelHandlerContext.writeAndFlush(AbstractChannelHandlerContext.java:950) ~[netty-transport-4.1.118.Final.jar:?]
	at knot/io.netty.channel.AbstractChannelHandlerContext.writeAndFlush(AbstractChannelHandlerContext.java:1000) ~[netty-transport-4.1.118.Final.jar:?]
	at knot/io.netty.channel.DefaultChannelPipeline.writeAndFlush(DefaultChannelPipeline.java:974) ~[netty-transport-4.1.118.Final.jar:?]
	at knot/io.netty.channel.AbstractChannel.writeAndFlush(AbstractChannel.java:305) ~[netty-transport-4.1.118.Final.jar:?]
	at knot/net.minecraft.class_2535.method_36942(class_2535.java:350) ~[server-intermediary.jar:?]
	at knot/net.minecraft.class_2535.method_10764(class_2535.java:342) ~[server-intermediary.jar:?]
	at knot/net.minecraft.class_2535.method_52906(class_2535.java:324) ~[server-intermediary.jar:?]
	at knot/net.minecraft.class_2535.method_10752(class_2535.java:318) ~[server-intermediary.jar:?]
	at knot/net.minecraft.class_2535.exceptionCaught(class_2535.java:169) ~[server-intermediary.jar:?]
	at knot/io.netty.channel.AbstractChannelHandlerContext.invokeExceptionCaught(AbstractChannelHandlerContext.java:346) ~[netty-transport-4.1.118.Final.jar:?]
	at knot/io.netty.channel.AbstractChannelHandlerContext.invokeExceptionCaught(AbstractChannelHandlerContext.java:325) ~[netty-transport-4.1.118.Final.jar:?]
	at knot/io.netty.channel.AbstractChannelHandlerContext.fireExceptionCaught(AbstractChannelHandlerContext.java:317) ~[netty-transport-4.1.118.Final.jar:?]
	at knot/io.netty.channel.DefaultChannelPipeline$HeadContext.exceptionCaught(DefaultChannelPipeline.java:1324) ~[netty-transport-4.1.118.Final.jar:?]
	at knot/io.netty.channel.AbstractChannelHandlerContext.invokeExceptionCaught(AbstractChannelHandlerContext.java:346) ~[netty-transport-4.1.118.Final.jar:?]
	at knot/io.netty.channel.AbstractChannelHandlerContext.invokeExceptionCaught(AbstractChannelHandlerContext.java:325) ~[netty-transport-4.1.118.Final.jar:?]
	at knot/io.netty.channel.DefaultChannelPipeline.fireExceptionCaught(DefaultChannelPipeline.java:856) ~[netty-transport-4.1.118.Final.jar:?]
	at knot/io.netty.channel.epoll.AbstractEpollStreamChannel$EpollStreamUnsafe.handleReadException(AbstractEpollStreamChannel.java:727) ~[netty-transport-classes-epoll-4.1.118.Final.jar:?]
	at knot/io.netty.channel.epoll.AbstractEpollStreamChannel$EpollStreamUnsafe.epollInReady(AbstractEpollStreamChannel.java:825) ~[netty-transport-classes-epoll-4.1.118.Final.jar:?]
	at knot/io.netty.channel.epoll.EpollEventLoop.processReady(EpollEventLoop.java:501) ~[netty-transport-classes-epoll-4.1.118.Final.jar:?]
	at knot/io.netty.channel.epoll.EpollEventLoop.run(EpollEventLoop.java:399) ~[netty-transport-classes-epoll-4.1.118.Final.jar:?]
	at knot/io.netty.util.concurrent.SingleThreadEventExecutor$4.run(SingleThreadEventExecutor.java:998) ~[netty-common-4.1.118.Final.jar:?]
	at knot/io.netty.util.internal.ThreadExecutorMap$2.run(ThreadExecutorMap.java:74) ~[netty-common-4.1.118.Final.jar:?]
	at java.base/java.lang.Thread.run(Thread.java:1583) [?:?]
[07:25:57] [Server thread/INFO]: geckonavajo was slain by Zombie
[07:26:22] [Server thread/INFO]: UniqueAndClever fell from a high place
[07:28:49] [Server thread/INFO]: UniqueAndClever fell from a high place
[07:36:10] [Server thread/INFO]: UniqueAndClever has made the advancement [Take Aim]
[07:39:42] [Server thread/INFO]: Laxidaze3 has made the advancement [Sneak 100]
[07:39:56] [Server thread/INFO]: Laxidaze3 has completed the challenge [It Spreads]
[07:45:38] [Server thread/INFO]: Laxidaze3 was obliterated by a sonically-charged shriek
[07:50:25] [Server thread/WARN]: Laxidaze3 moved too quickly! -9.82141192327208,-2.751225192977529,15.472160107542777
[07:50:50] [Server thread/WARN]: Laxidaze3 moved too quickly! -1.0631733928773883,-3.2406255686698557,17.387710037834495
[07:51:39] [Server thread/INFO]: geckonavajo was slain by Iron Golem
[07:55:19] [Server thread/INFO]: CzarsonTzarcia lost connection: Disconnected
[07:55:19] [Server thread/INFO]: CzarsonTzarcia left the game
[07:55:19] [Server thread/INFO]: [voicechat] Disconnecting client CzarsonTzarcia
[08:10:13] [Server thread/INFO]: UniqueAndClever lost connection: Disconnected
[08:10:13] [Server thread/INFO]: UniqueAndClever left the game
[08:10:13] [Server thread/INFO]: [voicechat] Disconnecting client UniqueAndClever
[08:10:27] [User Authenticator #15/INFO]: UUID of player UniqueAndClever is 07e37ea1-a741-4700-980b-631d86b9966a
[08:10:28] [Server thread/INFO]: UniqueAndClever[/99.33.195.107:64409] logged in with entity id 209795 at (-644.2299005554005, 64.0, 384.0516131787235)
[08:10:28] [Server thread/INFO]: UniqueAndClever joined the game
[08:10:28] [Server thread/INFO]: [voicechat] Received secret request of UniqueAndClever (20)
[08:10:28] [Server thread/INFO]: [voicechat] Sent secret to UniqueAndClever
[08:10:32] [VoiceChatPacketProcessingThread/INFO]: [voicechat] Successfully authenticated player 07e37ea1-a741-4700-980b-631d86b9966a
[08:10:33] [VoiceChatPacketProcessingThread/INFO]: [voicechat] Successfully validated connection of player 07e37ea1-a741-4700-980b-631d86b9966a
[08:10:33] [VoiceChatPacketProcessingThread/INFO]: [voicechat] Player UniqueAndClever (07e37ea1-a741-4700-980b-631d86b9966a) successfully connected to voice chat
[08:13:12] [Netty Epoll Server IO #0/ERROR]: Error sending packet clientbound/minecraft:disconnect
io.netty.handler.codec.EncoderException: Sending unknown packet 'clientbound/minecraft:disconnect'
	at knot/net.minecraft.class_9136.method_56426(class_9136.java:50) ~[server-intermediary.jar:?]
	at knot/net.minecraft.class_9136.encode(class_9136.java:14) ~[server-intermediary.jar:?]
	at knot/net.minecraft.class_2545.method_10838(class_2545.java:26) ~[server-intermediary.jar:?]
	at knot/net.minecraft.class_2545.encode(class_2545.java:12) ~[server-intermediary.jar:?]
	at knot/io.netty.handler.codec.MessageToByteEncoder.write(MessageToByteEncoder.java:107) ~[netty-codec-4.1.118.Final.jar:?]
	at knot/io.netty.channel.AbstractChannelHandlerContext.invokeWrite0(AbstractChannelHandlerContext.java:893) ~[netty-transport-4.1.118.Final.jar:?]
	at knot/io.netty.channel.AbstractChannelHandlerContext.invokeWrite(AbstractChannelHandlerContext.java:875) ~[netty-transport-4.1.118.Final.jar:?]
	at knot/io.netty.channel.AbstractChannelHandlerContext.write(AbstractChannelHandlerContext.java:984) ~[netty-transport-4.1.118.Final.jar:?]
	at knot/io.netty.channel.AbstractChannelHandlerContext.write(AbstractChannelHandlerContext.java:868) ~[netty-transport-4.1.118.Final.jar:?]
	at knot/io.netty.channel.ChannelOutboundHandlerAdapter.write(ChannelOutboundHandlerAdapter.java:113) ~[netty-transport-4.1.118.Final.jar:?]
	at knot/net.minecraft.class_2535$2.write(class_2535.java:524) ~[server-intermediary.jar:?]
	at knot/io.netty.channel.AbstractChannelHandlerContext.invokeWrite0(AbstractChannelHandlerContext.java:893) ~[netty-transport-4.1.118.Final.jar:?]
	at knot/io.netty.channel.AbstractChannelHandlerContext.invokeWriteAndFlush(AbstractChannelHandlerContext.java:956) ~[netty-transport-4.1.118.Final.jar:?]
	at knot/io.netty.channel.AbstractChannelHandlerContext.write(AbstractChannelHandlerContext.java:982) ~[netty-transport-4.1.118.Final.jar:?]
	at knot/io.netty.channel.AbstractChannelHandlerContext.writeAndFlush(AbstractChannelHandlerContext.java:950) ~[netty-transport-4.1.118.Final.jar:?]
	at knot/io.netty.channel.AbstractChannelHandlerContext.writeAndFlush(AbstractChannelHandlerContext.java:1000) ~[netty-transport-4.1.118.Final.jar:?]
	at knot/io.netty.channel.DefaultChannelPipeline.writeAndFlush(DefaultChannelPipeline.java:974) ~[netty-transport-4.1.118.Final.jar:?]
	at knot/io.netty.channel.AbstractChannel.writeAndFlush(AbstractChannel.java:305) ~[netty-transport-4.1.118.Final.jar:?]
	at knot/net.minecraft.class_2535.method_36942(class_2535.java:350) ~[server-intermediary.jar:?]
	at knot/net.minecraft.class_2535.method_10764(class_2535.java:342) ~[server-intermediary.jar:?]
	at knot/net.minecraft.class_2535.method_52906(class_2535.java:324) ~[server-intermediary.jar:?]
	at knot/net.minecraft.class_2535.method_10752(class_2535.java:318) ~[server-intermediary.jar:?]
	at knot/net.minecraft.class_2535.exceptionCaught(class_2535.java:169) ~[server-intermediary.jar:?]
	at knot/io.netty.channel.AbstractChannelHandlerContext.invokeExceptionCaught(AbstractChannelHandlerContext.java:346) ~[netty-transport-4.1.118.Final.jar:?]
	at knot/io.netty.channel.AbstractChannelHandlerContext.invokeExceptionCaught(AbstractChannelHandlerContext.java:325) ~[netty-transport-4.1.118.Final.jar:?]
	at knot/io.netty.channel.AbstractChannelHandlerContext.fireExceptionCaught(AbstractChannelHandlerContext.java:317) ~[netty-transport-4.1.118.Final.jar:?]
	at knot/io.netty.channel.DefaultChannelPipeline$HeadContext.exceptionCaught(DefaultChannelPipeline.java:1324) ~[netty-transport-4.1.118.Final.jar:?]
	at knot/io.netty.channel.AbstractChannelHandlerContext.invokeExceptionCaught(AbstractChannelHandlerContext.java:346) ~[netty-transport-4.1.118.Final.jar:?]
	at knot/io.netty.channel.AbstractChannelHandlerContext.invokeExceptionCaught(AbstractChannelHandlerContext.java:325) ~[netty-transport-4.1.118.Final.jar:?]
	at knot/io.netty.channel.DefaultChannelPipeline.fireExceptionCaught(DefaultChannelPipeline.java:856) ~[netty-transport-4.1.118.Final.jar:?]
	at knot/io.netty.channel.epoll.AbstractEpollStreamChannel$EpollStreamUnsafe.handleReadException(AbstractEpollStreamChannel.java:727) ~[netty-transport-classes-epoll-4.1.118.Final.jar:?]
	at knot/io.netty.channel.epoll.AbstractEpollStreamChannel$EpollStreamUnsafe.epollInReady(AbstractEpollStreamChannel.java:825) ~[netty-transport-classes-epoll-4.1.118.Final.jar:?]
	at knot/io.netty.channel.epoll.EpollEventLoop.processReady(EpollEventLoop.java:501) ~[netty-transport-classes-epoll-4.1.118.Final.jar:?]
	at knot/io.netty.channel.epoll.EpollEventLoop.run(EpollEventLoop.java:399) ~[netty-transport-classes-epoll-4.1.118.Final.jar:?]
	at knot/io.netty.util.concurrent.SingleThreadEventExecutor$4.run(SingleThreadEventExecutor.java:998) ~[netty-common-4.1.118.Final.jar:?]
	at knot/io.netty.util.internal.ThreadExecutorMap$2.run(ThreadExecutorMap.java:74) ~[netty-common-4.1.118.Final.jar:?]
	at java.base/java.lang.Thread.run(Thread.java:1583) [?:?]
[08:13:13] [Server thread/INFO]: geckonavajo drowned
[08:28:03] [Server thread/INFO]: geckonavajo was slain by Wither Skeleton
[08:45:18] [Server thread/INFO]: geckonavajo tried to swim in lava
[09:08:22] [Server thread/INFO]: <Laxidaze3> brb
[09:09:09] [Server thread/INFO]: <Laxidaze3> I can't understand a thing you are saying
[09:16:21] [Server thread/INFO]: geckonavajo drowned
[09:25:50] [User Authenticator #16/INFO]: UUID of player CzarsonTzarcia is 7856f6e3-6521-4a6a-9222-1176c49eea16
[09:25:53] [Server thread/INFO]: CzarsonTzarcia[/75.40.167.175:64859] logged in with entity id 264580 at (-1142.5118727957274, 63.0, 2277.7970487112448)
[09:25:53] [Server thread/INFO]: CzarsonTzarcia joined the game
[09:25:54] [Server thread/INFO]: [voicechat] Received secret request of CzarsonTzarcia (20)
[09:25:54] [Server thread/INFO]: [voicechat] Sent secret to CzarsonTzarcia
[09:25:56] [VoiceChatPacketProcessingThread/INFO]: [voicechat] Successfully authenticated player 7856f6e3-6521-4a6a-9222-1176c49eea16
[09:25:57] [VoiceChatPacketProcessingThread/INFO]: [voicechat] Successfully validated connection of player 7856f6e3-6521-4a6a-9222-1176c49eea16
[09:25:57] [VoiceChatPacketProcessingThread/INFO]: [voicechat] Player CzarsonTzarcia (7856f6e3-6521-4a6a-9222-1176c49eea16) successfully connected to voice chat
[09:26:07] [Server thread/INFO]: <Laxidaze3> we in discord now
[09:32:21] [VoiceChatPacketProcessingThread/WARN]: [voicechat] Dropping voice chat packets! Your Server might be overloaded!
[09:32:21] [VoiceChatPacketProcessingThread/WARN]: [voicechat] Packet queue has 104 packets
[09:37:13] [Server thread/INFO]: CzarsonTzarcia has made the advancement [Acquire Hardware]
[09:38:02] [Server thread/INFO]: Laxidaze3 lost connection: Disconnected
[09:38:02] [Server thread/INFO]: Laxidaze3 left the game
[09:38:02] [Server thread/INFO]: [voicechat] Disconnecting client Laxidaze3
[09:38:10] [User Authenticator #17/INFO]: UUID of player Laxidaze3 is 718fd999-d407-428c-bd79-690386a1caad
[09:38:13] [Server thread/INFO]: Laxidaze3[/70.173.193.208:57428] logged in with entity id 274010 at (270.5, 1.0, 27.5)
[09:38:13] [Server thread/INFO]: Laxidaze3 joined the game
[09:38:14] [Server thread/INFO]: [voicechat] Received secret request of Laxidaze3 (20)
[09:38:14] [Server thread/INFO]: [voicechat] Sent secret to Laxidaze3
[09:38:16] [VoiceChatPacketProcessingThread/INFO]: [voicechat] Successfully authenticated player 718fd999-d407-428c-bd79-690386a1caad
[09:38:17] [VoiceChatPacketProcessingThread/INFO]: [voicechat] Successfully validated connection of player 718fd999-d407-428c-bd79-690386a1caad
[09:38:17] [VoiceChatPacketProcessingThread/INFO]: [voicechat] Player Laxidaze3 (718fd999-d407-428c-bd79-690386a1caad) successfully connected to voice chat
[09:42:11] [Server thread/INFO]: CzarsonTzarcia has made the advancement [The End?]
[09:44:59] [Server thread/INFO]: Laxidaze3 has made the advancement [NeoEnchant+]
[09:53:40] [Server thread/INFO]: geckonavajo lost connection: Disconnected
[09:53:40] [Server thread/INFO]: geckonavajo left the game
[09:53:40] [Server thread/INFO]: [voicechat] Disconnecting client geckonavajo
[09:59:18] [Server thread/INFO]: <Laxidaze3> brb
[09:59:20] [Server thread/INFO]: Laxidaze3 lost connection: Disconnected
[09:59:20] [Server thread/INFO]: Laxidaze3 left the game
[09:59:20] [Server thread/INFO]: [voicechat] Disconnecting client Laxidaze3
[10:01:49] [User Authenticator #18/INFO]: UUID of player Laxidaze3 is 718fd999-d407-428c-bd79-690386a1caad
[10:01:51] [Server thread/INFO]: Laxidaze3[/70.173.193.208:53482] logged in with entity id 291365 at (-837.3000000119209, 65.0, 822.6999999880791)
[10:01:51] [Server thread/INFO]: Laxidaze3 joined the game
[10:01:52] [Server thread/INFO]: [voicechat] Received secret request of Laxidaze3 (20)
[10:01:52] [Server thread/INFO]: [voicechat] Sent secret to Laxidaze3
[10:01:55] [VoiceChatPacketProcessingThread/INFO]: [voicechat] Successfully authenticated player 718fd999-d407-428c-bd79-690386a1caad
[10:01:56] [VoiceChatPacketProcessingThread/INFO]: [voicechat] Successfully validated connection of player 718fd999-d407-428c-bd79-690386a1caad
[10:01:56] [VoiceChatPacketProcessingThread/INFO]: [voicechat] Player Laxidaze3 (718fd999-d407-428c-bd79-690386a1caad) successfully connected to voice chat
[10:04:12] [Server thread/INFO]: CzarsonTzarcia has made the advancement [Sweet Dreams]
[10:04:23] [Server thread/INFO]: Laxidaze3 lost connection: Disconnected
[10:04:23] [Server thread/INFO]: Laxidaze3 left the game
[10:04:23] [Server thread/INFO]: [voicechat] Disconnecting client Laxidaze3
[10:09:59] [User Authenticator #19/INFO]: UUID of player Laxidaze3 is 718fd999-d407-428c-bd79-690386a1caad
[10:10:05] [Server thread/INFO]: Laxidaze3[/70.173.193.208:49883] logged in with entity id 293130 at (-846.3248620296342, 62.070670157508985, 819.1511791381739)
[10:10:05] [Server thread/INFO]: Laxidaze3 joined the game
[10:10:07] [Server thread/INFO]: [voicechat] Received secret request of Laxidaze3 (20)
[10:10:07] [Server thread/INFO]: [voicechat] Sent secret to Laxidaze3
[10:10:11] [VoiceChatPacketProcessingThread/INFO]: [voicechat] Successfully authenticated player 718fd999-d407-428c-bd79-690386a1caad
[10:10:12] [VoiceChatPacketProcessingThread/INFO]: [voicechat] Successfully validated connection of player 718fd999-d407-428c-bd79-690386a1caad
[10:10:12] [VoiceChatPacketProcessingThread/INFO]: [voicechat] Player Laxidaze3 (718fd999-d407-428c-bd79-690386a1caad) successfully connected to voice chat
[10:19:26] [Server thread/INFO]: CzarsonTzarcia lost connection: Disconnected
[10:19:26] [Server thread/INFO]: CzarsonTzarcia left the game
[10:19:26] [Server thread/INFO]: [voicechat] Disconnecting client CzarsonTzarcia
[10:48:31] [Server thread/INFO]: Laxidaze3 has made the advancement [What a Deal!]
[11:07:02] [Netty Epoll Server IO #1/ERROR]: Error sending packet clientbound/minecraft:disconnect
io.netty.handler.codec.EncoderException: Sending unknown packet 'clientbound/minecraft:disconnect'
	at knot/net.minecraft.class_9136.method_56426(class_9136.java:50) ~[server-intermediary.jar:?]
	at knot/net.minecraft.class_9136.encode(class_9136.java:14) ~[server-intermediary.jar:?]
	at knot/net.minecraft.class_2545.method_10838(class_2545.java:26) ~[server-intermediary.jar:?]
	at knot/net.minecraft.class_2545.encode(class_2545.java:12) ~[server-intermediary.jar:?]
	at knot/io.netty.handler.codec.MessageToByteEncoder.write(MessageToByteEncoder.java:107) ~[netty-codec-4.1.118.Final.jar:?]
	at knot/io.netty.channel.AbstractChannelHandlerContext.invokeWrite0(AbstractChannelHandlerContext.java:893) ~[netty-transport-4.1.118.Final.jar:?]
	at knot/io.netty.channel.AbstractChannelHandlerContext.invokeWrite(AbstractChannelHandlerContext.java:875) ~[netty-transport-4.1.118.Final.jar:?]
	at knot/io.netty.channel.AbstractChannelHandlerContext.write(AbstractChannelHandlerContext.java:984) ~[netty-transport-4.1.118.Final.jar:?]
	at knot/io.netty.channel.AbstractChannelHandlerContext.write(AbstractChannelHandlerContext.java:868) ~[netty-transport-4.1.118.Final.jar:?]
	at knot/io.netty.channel.ChannelOutboundHandlerAdapter.write(ChannelOutboundHandlerAdapter.java:113) ~[netty-transport-4.1.118.Final.jar:?]
	at knot/net.minecraft.class_2535$2.write(class_2535.java:524) ~[server-intermediary.jar:?]
	at knot/io.netty.channel.AbstractChannelHandlerContext.invokeWrite0(AbstractChannelHandlerContext.java:893) ~[netty-transport-4.1.118.Final.jar:?]
	at knot/io.netty.channel.AbstractChannelHandlerContext.invokeWriteAndFlush(AbstractChannelHandlerContext.java:956) ~[netty-transport-4.1.118.Final.jar:?]
	at knot/io.netty.channel.AbstractChannelHandlerContext.write(AbstractChannelHandlerContext.java:982) ~[netty-transport-4.1.118.Final.jar:?]
	at knot/io.netty.channel.AbstractChannelHandlerContext.writeAndFlush(AbstractChannelHandlerContext.java:950) ~[netty-transport-4.1.118.Final.jar:?]
	at knot/io.netty.channel.AbstractChannelHandlerContext.writeAndFlush(AbstractChannelHandlerContext.java:1000) ~[netty-transport-4.1.118.Final.jar:?]
	at knot/io.netty.channel.DefaultChannelPipeline.writeAndFlush(DefaultChannelPipeline.java:974) ~[netty-transport-4.1.118.Final.jar:?]
	at knot/io.netty.channel.AbstractChannel.writeAndFlush(AbstractChannel.java:305) ~[netty-transport-4.1.118.Final.jar:?]
	at knot/net.minecraft.class_2535.method_36942(class_2535.java:350) ~[server-intermediary.jar:?]
	at knot/net.minecraft.class_2535.method_10764(class_2535.java:342) ~[server-intermediary.jar:?]
	at knot/net.minecraft.class_2535.method_52906(class_2535.java:324) ~[server-intermediary.jar:?]
	at knot/net.minecraft.class_2535.method_10752(class_2535.java:318) ~[server-intermediary.jar:?]
	at knot/net.minecraft.class_2535.exceptionCaught(class_2535.java:169) ~[server-intermediary.jar:?]
	at knot/io.netty.channel.AbstractChannelHandlerContext.invokeExceptionCaught(AbstractChannelHandlerContext.java:346) ~[netty-transport-4.1.118.Final.jar:?]
	at knot/io.netty.channel.AbstractChannelHandlerContext.invokeExceptionCaught(AbstractChannelHandlerContext.java:325) ~[netty-transport-4.1.118.Final.jar:?]
	at knot/io.netty.channel.AbstractChannelHandlerContext.fireExceptionCaught(AbstractChannelHandlerContext.java:317) ~[netty-transport-4.1.118.Final.jar:?]
	at knot/io.netty.channel.DefaultChannelPipeline$HeadContext.exceptionCaught(DefaultChannelPipeline.java:1324) ~[netty-transport-4.1.118.Final.jar:?]
	at knot/io.netty.channel.AbstractChannelHandlerContext.invokeExceptionCaught(AbstractChannelHandlerContext.java:346) ~[netty-transport-4.1.118.Final.jar:?]
	at knot/io.netty.channel.AbstractChannelHandlerContext.invokeExceptionCaught(AbstractChannelHandlerContext.java:325) ~[netty-transport-4.1.118.Final.jar:?]
	at knot/io.netty.channel.DefaultChannelPipeline.fireExceptionCaught(DefaultChannelPipeline.java:856) ~[netty-transport-4.1.118.Final.jar:?]
	at knot/io.netty.channel.epoll.AbstractEpollStreamChannel$EpollStreamUnsafe.handleReadException(AbstractEpollStreamChannel.java:727) ~[netty-transport-classes-epoll-4.1.118.Final.jar:?]
	at knot/io.netty.channel.epoll.AbstractEpollStreamChannel$EpollStreamUnsafe.epollInReady(AbstractEpollStreamChannel.java:825) ~[netty-transport-classes-epoll-4.1.118.Final.jar:?]
	at knot/io.netty.channel.epoll.EpollEventLoop.processReady(EpollEventLoop.java:501) ~[netty-transport-classes-epoll-4.1.118.Final.jar:?]
	at knot/io.netty.channel.epoll.EpollEventLoop.run(EpollEventLoop.java:399) ~[netty-transport-classes-epoll-4.1.118.Final.jar:?]
	at knot/io.netty.util.concurrent.SingleThreadEventExecutor$4.run(SingleThreadEventExecutor.java:998) ~[netty-common-4.1.118.Final.jar:?]
	at knot/io.netty.util.internal.ThreadExecutorMap$2.run(ThreadExecutorMap.java:74) ~[netty-common-4.1.118.Final.jar:?]
	at java.base/java.lang.Thread.run(Thread.java:1583) [?:?]
[11:14:15] [Server thread/INFO]: Laxidaze3 lost connection: Disconnected
[11:14:15] [Server thread/INFO]: Laxidaze3 left the game
[11:14:15] [Server thread/INFO]: [voicechat] Disconnecting client Laxidaze3
